[debug] [2023-03-29T16:47:45.106Z] ----------------------------------------------------------------------
[debug] [2023-03-29T16:47:45.109Z] Command:       C:\Program Files\nodejs\node.exe C:\Program Files\nodejs\node_modules\firebase-tools\lib\bin\firebase.js init hosting
[debug] [2023-03-29T16:47:45.109Z] CLI Version:   11.25.2
[debug] [2023-03-29T16:47:45.110Z] Platform:      win32
[debug] [2023-03-29T16:47:45.110Z] Node Version:  v14.20.1
[debug] [2023-03-29T16:47:45.111Z] Time:          Wed Mar 29 2023 12:47:45 GMT-0400 (Eastern Daylight Time)
[debug] [2023-03-29T16:47:45.111Z] ----------------------------------------------------------------------
[debug] 
[debug] [2023-03-29T16:47:45.203Z] > command requires scopes: ["email","openid","https://www.googleapis.com/auth/cloudplatformprojects.readonly","https://www.googleapis.com/auth/firebase","https://www.googleapis.com/auth/cloud-platform"]
[debug] [2023-03-29T16:47:45.204Z] > authorizing via signed-in user (lovetallman426@gmail.com)
[info] 
     ######## #### ########  ######## ########     ###     ######  ########
     ##        ##  ##     ## ##       ##     ##  ##   ##  ##       ##
     ######    ##  ########  ######   ########  #########  ######  ######
     ##        ##  ##    ##  ##       ##     ## ##     ##       ## ##
     ##       #### ##     ## ######## ########  ##     ##  ######  ########

You're about to initialize a Firebase project in this directory:

  E:\Tuto\react_hosting

Before we get started, keep in mind:

  * You are initializing within an existing Firebase project directory

